G005_test: START
G005_test: total 5 tests
Request Memory Block Timings:
12
12
12
12
12
11
11
11
15
12
12
11
12
12
11
12
12
12
11
12
12
12
11
12
12
11
12
12
12
11
12
12
12
11
12
12
11
12
12
12
11
12
12
12
11
12
12
12
12
12
12
11
12
12
12
11
12
12
12
12
12
12
11
12
12
12
11
12
12
12
12
12
12
11
12
12
12
11
12
12
12
12
12
12
11
12
12
12
11
15
12
12
11
12
12
12
12
12
12
11
Send Message Timings:
12
11
12
12
12
12
12
12
12
12
13
12
12
12
12
12
12
12
12
12
12
13
12
12
12
12
12
12
12
12
12
12
13
12
12
12
12
12
12
12
12
12
12
13
12
12
12
12
12
12
12
12
12
12
12
12
12
12
12
12
12
12
12
12
12
12
12
12
12
12
12
12
12
12
12
12
12
12
12
12
12
12
12
12
12
12
12
12
12
12
12
12
12
12
12
12
12
12
12
12
Receive Message Timings: 
11
11
11
11
10
10
10
11
11
11
12
11
11
11
12
11
11
11
11
11
11
12
11
11
11
12
11
11
11
11
11
11
12
11
11
11
12
11
11
11
11
11
11
12
11
11
11
12
11
11
11
11
11
11
11
11
11
11
12
11
11
11
11
11
11
11
11
11
11
12
11
11
11
11
11
11
11
11
11
11
12
11
11
11
11
11
11
11
11
11
11
11
11
11
11
12
11
11
11
11
G005_test: test 2 OK
G005_test: test 3 OK
G005_test: test 4 OK
G005_test: test 5 OK
G005_test: test 1 OK

Timing test with zeroing out memory disabled:

G005_test: START
G005_test: total 5 tests
Request Memory Block Timings:
4
4
4
4
4
4
4
4
4
4
3
4
4
4
4
3
4
4
4
4
4
4
4
4
4
4
4
4
4
4
4
4
4
4
4
4
4
4
3
4
4
4
4
3
4
4
4
4
4
4
4
4
4
4
4
4
4
4
4
4
4
3
4
4
4
4
4
4
4
4
4
4
4
4
4
4
4
4
4
4
4
4
4
4
4
4
4
4
4
4
4
4
4
4
4
4
4
4
4
4
Send Message Timings:
13
13
13
13
13
14
14
13
13
14
13
13
13
13
14
13
13
14
13
14
13
13
14
13
14
13
13
14
13
13
13
13
14
13
13
13
13
14
13
13
13
13
14
13
13
14
13
14
13
13
14
13
13
13
13
14
13
13
13
13
14
13
13
13
13
14
13
13
14
13
14
13
13
14
13
13
13
13
14
13
13
13
13
14
13
13
13
13
14
13
13
14
13
14
13
13
14
13
13
13
Receive Message Timings: 
12
12
12
12
15
12
12
12
13
12
13
12
12
13
12
12
12
12
13
12
12
13
12
13
12
12
13
12
13
12
12
13
12
13
12
12
13
12
12
12
12
13
12
12
13
12
13
12
12
16
12
13
12
12
13
12
12
12
12
13
12
12
12
12
13
12
12
13
12
13
12
12
13
12
13
12
12
13
12
13
12
12
13
12
12
12
12
13
12
12
12
12
13
12
15
13
12
13
12
12
G005_test: test 2 FAIL
G005_test: test 3 FAIL
G005_test: test 4 OK
G005_test: test 5 OK
G005_test: test 1 FAIL
